c:\programdata\blackmagic design\davinci resolve\support\developer\openfx\goprovrplugin\x64\release\vc120.pdb
c:\programdata\blackmagic design\davinci resolve\support\developer\openfx\goprovrplugin\x64\release\openclkernel.obj
c:\programdata\blackmagic design\davinci resolve\support\developer\openfx\goprovrplugin\x64\release\goprovrplugin.obj
c:\programdata\blackmagic design\davinci resolve\support\developer\openfx\goprovrplugin\x64\release\ofxspropertyvalidation.obj
c:\programdata\blackmagic design\davinci resolve\support\developer\openfx\goprovrplugin\x64\release\ofxsproperty.obj
c:\programdata\blackmagic design\davinci resolve\support\developer\openfx\goprovrplugin\x64\release\ofxsparams.obj
c:\programdata\blackmagic design\davinci resolve\support\developer\openfx\goprovrplugin\x64\release\ofxsmultithread.obj
c:\programdata\blackmagic design\davinci resolve\support\developer\openfx\goprovrplugin\x64\release\ofxslog.obj
c:\programdata\blackmagic design\davinci resolve\support\developer\openfx\goprovrplugin\x64\release\ofxsinteract.obj
c:\programdata\blackmagic design\davinci resolve\support\developer\openfx\goprovrplugin\x64\release\ofxsimageeffect.obj
c:\programdata\blackmagic design\davinci resolve\support\developer\openfx\goprovrplugin\x64\release\ofxscore.obj
c:\program files\common files\ofx\plugins\goprovrplugin.lib
c:\program files\common files\ofx\plugins\goprovrplugin.exp
c:\program files\common files\ofx\plugins\goprovrplugin.dll
c:\program files\common files\ofx\plugins\goprovrplugin.pdb
c:\programdata\blackmagic design\davinci resolve\support\developer\openfx\goprovrplugin\x64\release\cudakernel.cu.cache
c:\programdata\blackmagic design\davinci resolve\support\developer\openfx\goprovrplugin\x64\release\cudakernel.cu.obj
c:\programdata\blackmagic design\davinci resolve\support\developer\openfx\goprovrplugin\..\..\..\..\..\..\..\program files\common files\ofx\plugins\goprovrplugin.dll
c:\programdata\blackmagic design\davinci resolve\support\developer\openfx\goprovrplugin\x64\release\goprovrplugin.tlog\cl.command.1.tlog
c:\programdata\blackmagic design\davinci resolve\support\developer\openfx\goprovrplugin\x64\release\goprovrplugin.tlog\cl.read.1.tlog
c:\programdata\blackmagic design\davinci resolve\support\developer\openfx\goprovrplugin\x64\release\goprovrplugin.tlog\cl.write.1.tlog
c:\programdata\blackmagic design\davinci resolve\support\developer\openfx\goprovrplugin\x64\release\goprovrplugin.tlog\goprovrplugin.write.1u.tlog
c:\programdata\blackmagic design\davinci resolve\support\developer\openfx\goprovrplugin\x64\release\goprovrplugin.tlog\link.command.1.tlog
c:\programdata\blackmagic design\davinci resolve\support\developer\openfx\goprovrplugin\x64\release\goprovrplugin.tlog\link.read.1.tlog
c:\programdata\blackmagic design\davinci resolve\support\developer\openfx\goprovrplugin\x64\release\goprovrplugin.tlog\link.write.1.tlog
