c:\programdata\blackmagic design\davinci resolve\support\developer\openfx\reframe360\x64\release\vc120.pdb
c:\programdata\blackmagic design\davinci resolve\support\developer\openfx\reframe360\x64\release\openclkernel.obj
c:\programdata\blackmagic design\davinci resolve\support\developer\openfx\reframe360\x64\release\reframe360.obj
c:\programdata\blackmagic design\davinci resolve\support\developer\openfx\reframe360\x64\release\ofxspropertyvalidation.obj
c:\programdata\blackmagic design\davinci resolve\support\developer\openfx\reframe360\x64\release\ofxsproperty.obj
c:\programdata\blackmagic design\davinci resolve\support\developer\openfx\reframe360\x64\release\ofxsparams.obj
c:\programdata\blackmagic design\davinci resolve\support\developer\openfx\reframe360\x64\release\ofxsmultithread.obj
c:\programdata\blackmagic design\davinci resolve\support\developer\openfx\reframe360\x64\release\ofxslog.obj
c:\programdata\blackmagic design\davinci resolve\support\developer\openfx\reframe360\x64\release\ofxsinteract.obj
c:\programdata\blackmagic design\davinci resolve\support\developer\openfx\reframe360\x64\release\ofxsimageeffect.obj
c:\programdata\blackmagic design\davinci resolve\support\developer\openfx\reframe360\x64\release\ofxscore.obj
c:\program files\common files\ofx\plugins\reframe360.dll
c:\program files\common files\ofx\plugins\reframe360.pdb
c:\program files\common files\ofx\plugins\reframe360.lib
c:\program files\common files\ofx\plugins\reframe360.exp
c:\programdata\blackmagic design\davinci resolve\support\developer\openfx\reframe360\x64\release\cudakernel.cu.cache
c:\programdata\blackmagic design\davinci resolve\support\developer\openfx\reframe360\x64\release\cudakernel.cu.obj
c:\programdata\blackmagic design\davinci resolve\support\developer\openfx\reframe360\..\..\..\..\..\..\..\program files\common files\ofx\plugins\reframe360.dll
c:\programdata\blackmagic design\davinci resolve\support\developer\openfx\reframe360\x64\release\reframe360.tlog\cl.command.1.tlog
c:\programdata\blackmagic design\davinci resolve\support\developer\openfx\reframe360\x64\release\reframe360.tlog\cl.read.1.tlog
c:\programdata\blackmagic design\davinci resolve\support\developer\openfx\reframe360\x64\release\reframe360.tlog\cl.write.1.tlog
c:\programdata\blackmagic design\davinci resolve\support\developer\openfx\reframe360\x64\release\reframe360.tlog\link.command.1.tlog
c:\programdata\blackmagic design\davinci resolve\support\developer\openfx\reframe360\x64\release\reframe360.tlog\link.read.1.tlog
c:\programdata\blackmagic design\davinci resolve\support\developer\openfx\reframe360\x64\release\reframe360.tlog\link.write.1.tlog
c:\programdata\blackmagic design\davinci resolve\support\developer\openfx\reframe360\x64\release\reframe360.tlog\reframe360.write.1u.tlog
