c:\programdata\blackmagic design\davinci resolve\support\developer\openfx\goprovrplugin\x64\debug\vc120.pdb
c:\programdata\blackmagic design\davinci resolve\support\developer\openfx\goprovrplugin\x64\debug\vc120.idb
c:\programdata\blackmagic design\davinci resolve\support\developer\openfx\goprovrplugin\x64\debug\ofxscore.nativecodeanalysis.xml
c:\programdata\blackmagic design\davinci resolve\support\developer\openfx\goprovrplugin\x64\debug\ofxsimageeffect.nativecodeanalysis.xml
c:\programdata\blackmagic design\davinci resolve\support\developer\openfx\goprovrplugin\x64\debug\ofxsinteract.nativecodeanalysis.xml
c:\programdata\blackmagic design\davinci resolve\support\developer\openfx\goprovrplugin\x64\debug\ofxslog.nativecodeanalysis.xml
c:\programdata\blackmagic design\davinci resolve\support\developer\openfx\goprovrplugin\x64\debug\ofxsmultithread.nativecodeanalysis.xml
c:\programdata\blackmagic design\davinci resolve\support\developer\openfx\goprovrplugin\x64\debug\ofxsparams.nativecodeanalysis.xml
c:\programdata\blackmagic design\davinci resolve\support\developer\openfx\goprovrplugin\x64\debug\ofxsproperty.nativecodeanalysis.xml
c:\programdata\blackmagic design\davinci resolve\support\developer\openfx\goprovrplugin\x64\debug\ofxspropertyvalidation.nativecodeanalysis.xml
c:\programdata\blackmagic design\davinci resolve\support\developer\openfx\goprovrplugin\x64\debug\goprovrplugin.nativecodeanalysis.xml
c:\programdata\blackmagic design\davinci resolve\support\developer\openfx\goprovrplugin\x64\debug\openclkernel.nativecodeanalysis.xml
c:\programdata\blackmagic design\davinci resolve\support\developer\openfx\goprovrplugin\x64\debug\openclkernel.obj
c:\programdata\blackmagic design\davinci resolve\support\developer\openfx\goprovrplugin\x64\debug\goprovrplugin.obj
c:\programdata\blackmagic design\davinci resolve\support\developer\openfx\goprovrplugin\x64\debug\ofxspropertyvalidation.obj
c:\programdata\blackmagic design\davinci resolve\support\developer\openfx\goprovrplugin\x64\debug\ofxsproperty.obj
c:\programdata\blackmagic design\davinci resolve\support\developer\openfx\goprovrplugin\x64\debug\ofxsparams.obj
c:\programdata\blackmagic design\davinci resolve\support\developer\openfx\goprovrplugin\x64\debug\ofxsmultithread.obj
c:\programdata\blackmagic design\davinci resolve\support\developer\openfx\goprovrplugin\x64\debug\ofxslog.obj
c:\programdata\blackmagic design\davinci resolve\support\developer\openfx\goprovrplugin\x64\debug\ofxsinteract.obj
c:\programdata\blackmagic design\davinci resolve\support\developer\openfx\goprovrplugin\x64\debug\ofxsimageeffect.obj
c:\programdata\blackmagic design\davinci resolve\support\developer\openfx\goprovrplugin\x64\debug\ofxscore.obj
c:\program files\common files\ofx\plugins\goprovrplugin.lib
c:\program files\common files\ofx\plugins\goprovrplugin.exp
c:\program files\common files\ofx\plugins\goprovrplugin.ilk
c:\program files\common files\ofx\plugins\goprovrplugin.dll
c:\program files\common files\ofx\plugins\goprovrplugin.pdb
c:\programdata\blackmagic design\davinci resolve\support\developer\openfx\goprovrplugin\x64\debug\cudakernel.cu.cache
c:\programdata\blackmagic design\davinci resolve\support\developer\openfx\goprovrplugin\x64\debug\cudakernel.cu.obj
c:\programdata\blackmagic design\davinci resolve\support\developer\openfx\goprovrplugin\..\..\..\..\..\..\..\program files\common files\ofx\plugins\goprovrplugin.dll
c:\programdata\blackmagic design\davinci resolve\support\developer\openfx\goprovrplugin\x64\debug\goprovrplugin.tlog\cl.command.1.tlog
c:\programdata\blackmagic design\davinci resolve\support\developer\openfx\goprovrplugin\x64\debug\goprovrplugin.tlog\cl.read.1.tlog
c:\programdata\blackmagic design\davinci resolve\support\developer\openfx\goprovrplugin\x64\debug\goprovrplugin.tlog\cl.read.112.tlog
c:\programdata\blackmagic design\davinci resolve\support\developer\openfx\goprovrplugin\x64\debug\goprovrplugin.tlog\cl.write.1.tlog
c:\programdata\blackmagic design\davinci resolve\support\developer\openfx\goprovrplugin\x64\debug\goprovrplugin.tlog\goprovrplugin.write.1u.tlog
c:\programdata\blackmagic design\davinci resolve\support\developer\openfx\goprovrplugin\x64\debug\goprovrplugin.tlog\link.command.1.tlog
c:\programdata\blackmagic design\davinci resolve\support\developer\openfx\goprovrplugin\x64\debug\goprovrplugin.tlog\link.read.1.tlog
c:\programdata\blackmagic design\davinci resolve\support\developer\openfx\goprovrplugin\x64\debug\goprovrplugin.tlog\link.write.1.tlog
