c:\programdata\blackmagic design\davinci resolve\support\developer\openfx\goprovrplugin\x64\debug\vc120.pdb
c:\programdata\blackmagic design\davinci resolve\support\developer\openfx\goprovrplugin\x64\debug\vc120.idb
c:\programdata\blackmagic design\davinci resolve\support\developer\openfx\goprovrplugin\x64\debug\ofxscore.obj
c:\programdata\blackmagic design\davinci resolve\support\developer\openfx\goprovrplugin\x64\debug\ofxsimageeffect.obj
c:\programdata\blackmagic design\davinci resolve\support\developer\openfx\goprovrplugin\x64\debug\ofxsinteract.obj
c:\programdata\blackmagic design\davinci resolve\support\developer\openfx\goprovrplugin\x64\debug\ofxslog.obj
c:\programdata\blackmagic design\davinci resolve\support\developer\openfx\goprovrplugin\x64\debug\ofxsmultithread.obj
c:\programdata\blackmagic design\davinci resolve\support\developer\openfx\goprovrplugin\x64\debug\ofxsparams.obj
c:\programdata\blackmagic design\davinci resolve\support\developer\openfx\goprovrplugin\x64\debug\ofxsproperty.obj
c:\programdata\blackmagic design\davinci resolve\support\developer\openfx\goprovrplugin\x64\debug\ofxspropertyvalidation.obj
c:\programdata\blackmagic design\davinci resolve\support\developer\openfx\goprovrplugin\x64\debug\reframe360.obj
c:\programdata\blackmagic design\davinci resolve\support\developer\openfx\goprovrplugin\x64\debug\openclkernel.obj
c:\program files\common files\ofx\plugins\reframe360.ilk
c:\program files\common files\ofx\plugins\reframe360.dll
c:\program files\common files\ofx\plugins\reframe360.pdb
c:\program files\common files\ofx\plugins\reframe360.lib
c:\program files\common files\ofx\plugins\reframe360.exp
c:\programdata\blackmagic design\davinci resolve\support\developer\openfx\goprovrplugin\x64\debug\cudakernel.cu.cache
c:\programdata\blackmagic design\davinci resolve\support\developer\openfx\goprovrplugin\x64\debug\cudakernel.cu.obj
c:\programdata\blackmagic design\davinci resolve\support\developer\openfx\goprovrplugin\..\..\..\..\..\..\..\program files\common files\ofx\plugins\reframe360.dll
c:\programdata\blackmagic design\davinci resolve\support\developer\openfx\goprovrplugin\x64\debug\reframe360.tlog\cl.command.1.tlog
c:\programdata\blackmagic design\davinci resolve\support\developer\openfx\goprovrplugin\x64\debug\reframe360.tlog\cl.read.1.tlog
c:\programdata\blackmagic design\davinci resolve\support\developer\openfx\goprovrplugin\x64\debug\reframe360.tlog\cl.write.1.tlog
c:\programdata\blackmagic design\davinci resolve\support\developer\openfx\goprovrplugin\x64\debug\reframe360.tlog\link.command.1.tlog
c:\programdata\blackmagic design\davinci resolve\support\developer\openfx\goprovrplugin\x64\debug\reframe360.tlog\link.read.1.tlog
c:\programdata\blackmagic design\davinci resolve\support\developer\openfx\goprovrplugin\x64\debug\reframe360.tlog\link.write.1.tlog
c:\programdata\blackmagic design\davinci resolve\support\developer\openfx\goprovrplugin\x64\debug\reframe360.tlog\reframe360.write.1u.tlog
