Build started 18.08.2018 19:02:46.
     1>Project "C:\ProgramData\Blackmagic Design\DaVinci Resolve\Support\Developer\OpenFX\Reframe360\Reframe360.vcxproj" on node 2 (Build target(s)).
     1>C:\Program Files (x86)\MSBuild\Microsoft.Cpp\v4.0\V120\Microsoft.CppBuild.targets(364,5): warning MSB8004: Output Directory does not end with a trailing slash.  This build instance will add the slash as it is required to allow proper evaluation of the Output Directory.
     1>PreBuildEvent:
         pre_build.bat
         :VCEnd
         ['./HardcodeKernel.py', 'OpenCLKernel.cpp', 'Reframe360Kernel.cl']
         bla
       ClCompile:
         C:\Program Files (x86)\Microsoft Visual Studio 12.0\VC\bin\x86_amd64\CL.exe /c /I"C:\Program Files\NVIDIA GPU Computing Toolkit\CUDA\v7.5\include" /Zi /nologo /W3 /WX- /Od /D WIN32 /D _DEBUG /D _WINDOWS /D _USRDLL /D _WINDLL /D _UNICODE /D UNICODE /Gm /EHsc /RTC1 /MDd /GS /fp:precise /Zc:wchar_t /Zc:forScope /Fo"x64\Debug\\" /Fd"x64\Debug\vc120.pdb" /Gd /TP /errorReport:prompt OpenCLKernel.cpp Reframe360.cpp
         Reframe360.cpp
     1>c:\programdata\blackmagic design\davinci resolve\support\developer\openfx\reframe360\MathUtil.h(28): warning C4244: '=' : conversion from 'double' to 'float', possible loss of data
     1>c:\programdata\blackmagic design\davinci resolve\support\developer\openfx\reframe360\MathUtil.h(31): warning C4244: '=' : conversion from 'double' to 'float', possible loss of data
     1>c:\programdata\blackmagic design\davinci resolve\support\developer\openfx\reframe360\MathUtil.h(38): warning C4244: '=' : conversion from 'double' to 'float', possible loss of data
     1>c:\programdata\blackmagic design\davinci resolve\support\developer\openfx\reframe360\MathUtil.h(41): warning C4244: '=' : conversion from 'double' to 'float', possible loss of data
     1>c:\programdata\blackmagic design\davinci resolve\support\developer\openfx\reframe360\MathUtil.h(101): warning C4244: 'initializing' : conversion from 'double' to 'float', possible loss of data
     1>c:\programdata\blackmagic design\davinci resolve\support\developer\openfx\reframe360\MathUtil.h(135): warning C4244: '=' : conversion from 'double' to 'float', possible loss of data
     1>c:\programdata\blackmagic design\davinci resolve\support\developer\openfx\reframe360\MathUtil.h(136): warning C4244: '=' : conversion from 'double' to 'float', possible loss of data
     1>c:\programdata\blackmagic design\davinci resolve\support\developer\openfx\reframe360\MathUtil.h(137): warning C4244: '=' : conversion from 'double' to 'float', possible loss of data
     1>c:\programdata\blackmagic design\davinci resolve\support\developer\openfx\reframe360\MathUtil.h(138): warning C4244: '=' : conversion from 'double' to 'float', possible loss of data
     1>Reframe360.cpp(189): warning C4244: '=' : conversion from 'double' to 'float', possible loss of data
     1>Reframe360.cpp(190): warning C4244: '=' : conversion from 'double' to 'float', possible loss of data
     1>Reframe360.cpp(208): warning C4244: 'initializing' : conversion from 'float' to 'int', possible loss of data
     1>Reframe360.cpp(209): warning C4244: 'initializing' : conversion from 'float' to 'int', possible loss of data
     1>Reframe360.cpp(496): warning C4244: 'return' : conversion from 'double' to 'float', possible loss of data
     1>Reframe360.cpp(503): warning C4244: 'return' : conversion from 'double' to 'float', possible loss of data
     1>Reframe360.cpp(509): warning C4244: 'return' : conversion from 'double' to 'float', possible loss of data
     1>Reframe360.cpp(537): warning C4244: 'initializing' : conversion from 'double' to 'float', possible loss of data
     1>Reframe360.cpp(591): warning C4244: 'argument' : conversion from 'double' to 'float', possible loss of data
     1>Reframe360.cpp(593): warning C4244: 'argument' : conversion from 'double' to 'float', possible loss of data
     1>Reframe360.cpp(596): warning C4244: 'argument' : conversion from 'double' to 'float', possible loss of data
     1>Reframe360.cpp(600): warning C4244: 'argument' : conversion from 'double' to 'float', possible loss of data
     1>Reframe360.cpp(615): warning C4244: 'argument' : conversion from 'double' to 'float', possible loss of data
     1>Reframe360.cpp(617): warning C4244: 'argument' : conversion from 'double' to 'float', possible loss of data
     1>Reframe360.cpp(619): warning C4244: 'argument' : conversion from 'double' to 'float', possible loss of data
     1>Reframe360.cpp(633): warning C4244: '=' : conversion from 'double' to 'float', possible loss of data
     1>Reframe360.cpp(634): warning C4244: '=' : conversion from 'double' to 'float', possible loss of data
     1>Reframe360.cpp(635): warning C4244: '=' : conversion from 'double' to 'float', possible loss of data
     1>Reframe360.cpp(649): warning C4800: 'int' : forcing value to bool 'true' or 'false' (performance warning)
     1>Reframe360.cpp(801): warning C4305: 'argument' : truncation from 'double' to 'float'
     1>Reframe360.cpp(848): warning C4305: 'argument' : truncation from 'double' to 'float'
     1>Reframe360.cpp(873): warning C4305: 'argument' : truncation from 'double' to 'float'
         Generating Code...
         Compiling...
         OpenCLKernel.cpp
         Generating Code...
       Link:
         C:\Program Files (x86)\Microsoft Visual Studio 12.0\VC\bin\x86_amd64\link.exe /ERRORREPORT:PROMPT /OUT:"..\..\..\..\..\..\..\Program Files\Common Files\OFX\Plugins\Reframe360.dll" /INCREMENTAL /NOLOGO /LIBPATH:"C:\Program Files\NVIDIA GPU Computing Toolkit\CUDA\v7.5\lib\x64" kernel32.lib user32.lib gdi32.lib winspool.lib comdlg32.lib advapi32.lib shell32.lib ole32.lib oleaut32.lib uuid.lib odbc32.lib odbccp32.lib cuda.lib cudart.lib OpenCL.lib kernel32.lib user32.lib gdi32.lib winspool.lib comdlg32.lib advapi32.lib shell32.lib ole32.lib oleaut32.lib uuid.lib odbc32.lib odbccp32.lib /MANIFEST /MANIFESTUAC:"level='asInvoker' uiAccess='false'" /manifest:embed /DEBUG /PDB:"..\..\..\..\..\..\..\Program Files\Common Files\OFX\Plugins\Reframe360.pdb" /SUBSYSTEM:WINDOWS /TLBID:1 /DYNAMICBASE /NXCOMPAT /IMPLIB:"..\..\..\..\..\..\..\Program Files\Common Files\OFX\Plugins\Reframe360.lib" /MACHINE:X64 /DLL x64\Debug\CudaKernel.cu.obj
         x64\Debug\ofxsCore.obj
         x64\Debug\ofxsImageEffect.obj
         x64\Debug\ofxsInteract.obj
         x64\Debug\ofxsLog.obj
         x64\Debug\ofxsMultiThread.obj
         x64\Debug\ofxsParams.obj
         x64\Debug\ofxsProperty.obj
         x64\Debug\ofxsPropertyValidation.obj
         x64\Debug\Reframe360.obj
         x64\Debug\OpenCLKernel.obj
         Reframe360.vcxproj -> C:\ProgramData\Blackmagic Design\DaVinci Resolve\Support\Developer\OpenFX\Reframe360\..\..\..\..\..\..\..\Program Files\Common Files\OFX\Plugins\Reframe360.dll
       PostBuildEvent:
         if not exist "..\..\..\..\..\..\..\Program Files\Common Files\OFX\Plugins\Reframe360Plugin.ofx.bundle\Contents\Resources" mkdir "..\..\..\..\..\..\..\Program Files\Common Files\OFX\Plugins\Reframe360Plugin.ofx.bundle\Contents\Resources"
         if not exist "..\..\..\..\..\..\..\Program Files\Common Files\OFX\Plugins\Reframe360Plugin.ofx.bundle\Contents\Win64" mkdir "..\..\..\..\..\..\..\Program Files\Common Files\OFX\Plugins\Reframe360Plugin.ofx.bundle\Contents\Win64"
         copy /Y "C:\ProgramData\Blackmagic Design\DaVinci Resolve\Support\Developer\OpenFX\Reframe360\..\..\..\..\..\..\..\Program Files\Common Files\OFX\Plugins\Reframe360.dll" /B "..\..\..\..\..\..\..\Program Files\Common Files\OFX\Plugins\Reframe360Plugin.ofx.bundle\Contents\Win64\Reframe360Plugin.ofx" /B
         :VCEnd
                 1 Datei(en) kopiert.
     1>Done Building Project "C:\ProgramData\Blackmagic Design\DaVinci Resolve\Support\Developer\OpenFX\Reframe360\Reframe360.vcxproj" (Build target(s)).

Build succeeded.

Time Elapsed 00:00:01.89
